{"D:\\Code files\\JS\\Backend-Flutter\\src\\test\\repositories\\Client\\helpers.client.ts": {"path":"D:\\Code files\\JS\\Backend-Flutter\\src\\test\\repositories\\Client\\helpers.client.ts","statementMap":{"0":{"start":{"line":2,"column":0},"end":{"line":2,"column":55}},"1":{"start":{"line":4,"column":23},"end":{"line":29,"column":2}},"2":{"start":{"line":30,"column":20},"end":{"line":30,"column":22}},"3":{"start":{"line":102,"column":2},"end":{"line":102,"column":13}},"4":{"start":{"line":31,"column":19},"end":{"line":31,"column":31}},"5":{"start":{"line":101,"column":2},"end":{"line":101,"column":12}},"6":{"start":{"line":33,"column":0},"end":{"line":38,"column":3}},"7":{"start":{"line":34,"column":2},"end":{"line":36,"column":5}},"8":{"start":{"line":35,"column":4},"end":{"line":35,"column":32}},"9":{"start":{"line":37,"column":2},"end":{"line":37,"column":31}},"10":{"start":{"line":41,"column":42},"end":{"line":43,"column":2}},"11":{"start":{"line":42,"column":2},"end":{"line":42,"column":29}},"12":{"start":{"line":44,"column":46},"end":{"line":46,"column":2}},"13":{"start":{"line":45,"column":2},"end":{"line":45,"column":23}},"14":{"start":{"line":48,"column":26},"end":{"line":53,"column":1}},"15":{"start":{"line":49,"column":2},"end":{"line":52,"column":5}},"16":{"start":{"line":50,"column":4},"end":{"line":50,"column":44}},"17":{"start":{"line":50,"column":20},"end":{"line":50,"column":44}},"18":{"start":{"line":51,"column":4},"end":{"line":51,"column":32}},"19":{"start":{"line":104,"column":2},"end":{"line":104,"column":19}},"20":{"start":{"line":56,"column":42},"end":{"line":58,"column":2}},"21":{"start":{"line":57,"column":2},"end":{"line":57,"column":30}},"22":{"start":{"line":59,"column":46},"end":{"line":61,"column":2}},"23":{"start":{"line":60,"column":2},"end":{"line":60,"column":23}},"24":{"start":{"line":63,"column":23},"end":{"line":68,"column":1}},"25":{"start":{"line":64,"column":2},"end":{"line":67,"column":5}},"26":{"start":{"line":65,"column":4},"end":{"line":65,"column":62}},"27":{"start":{"line":65,"column":40},"end":{"line":65,"column":62}},"28":{"start":{"line":66,"column":4},"end":{"line":66,"column":30}},"29":{"start":{"line":103,"column":2},"end":{"line":103,"column":16}},"30":{"start":{"line":71,"column":39},"end":{"line":73,"column":2}},"31":{"start":{"line":72,"column":2},"end":{"line":72,"column":29}},"32":{"start":{"line":74,"column":43},"end":{"line":76,"column":2}},"33":{"start":{"line":75,"column":2},"end":{"line":75,"column":23}},"34":{"start":{"line":78,"column":23},"end":{"line":83,"column":1}},"35":{"start":{"line":79,"column":2},"end":{"line":82,"column":5}},"36":{"start":{"line":80,"column":4},"end":{"line":80,"column":51}},"37":{"start":{"line":80,"column":30},"end":{"line":80,"column":51}},"38":{"start":{"line":81,"column":4},"end":{"line":81,"column":29}},"39":{"start":{"line":105,"column":2},"end":{"line":105,"column":16}},"40":{"start":{"line":86,"column":41},"end":{"line":88,"column":2}},"41":{"start":{"line":87,"column":2},"end":{"line":87,"column":29}},"42":{"start":{"line":89,"column":45},"end":{"line":91,"column":2}},"43":{"start":{"line":90,"column":2},"end":{"line":90,"column":23}},"44":{"start":{"line":93,"column":25},"end":{"line":98,"column":1}},"45":{"start":{"line":94,"column":2},"end":{"line":97,"column":5}},"46":{"start":{"line":95,"column":4},"end":{"line":95,"column":53}},"47":{"start":{"line":95,"column":30},"end":{"line":95,"column":53}},"48":{"start":{"line":96,"column":4},"end":{"line":96,"column":31}},"49":{"start":{"line":106,"column":2},"end":{"line":106,"column":18}}},"fnMap":{"0":{"name":"(anonymous_0)","decl":{"start":{"line":33,"column":23},"end":{"line":33,"column":24}},"loc":{"start":{"line":33,"column":32},"end":{"line":38,"column":1}}},"1":{"name":"(anonymous_1)","decl":{"start":{"line":34,"column":28},"end":{"line":34,"column":29}},"loc":{"start":{"line":34,"column":36},"end":{"line":36,"column":3}}},"2":{"name":"(anonymous_2)","decl":{"start":{"line":41,"column":54},"end":{"line":41,"column":55}},"loc":{"start":{"line":41,"column":66},"end":{"line":43,"column":1}}},"3":{"name":"(anonymous_3)","decl":{"start":{"line":44,"column":58},"end":{"line":44,"column":59}},"loc":{"start":{"line":44,"column":70},"end":{"line":46,"column":1}}},"4":{"name":"(anonymous_4)","decl":{"start":{"line":48,"column":26},"end":{"line":48,"column":35}},"loc":{"start":{"line":48,"column":37},"end":{"line":53,"column":1}}},"5":{"name":"(anonymous_5)","decl":{"start":{"line":49,"column":48},"end":{"line":49,"column":49}},"loc":{"start":{"line":49,"column":57},"end":{"line":52,"column":3}}},"6":{"name":"(anonymous_6)","decl":{"start":{"line":56,"column":54},"end":{"line":56,"column":55}},"loc":{"start":{"line":56,"column":66},"end":{"line":58,"column":1}}},"7":{"name":"(anonymous_7)","decl":{"start":{"line":59,"column":58},"end":{"line":59,"column":59}},"loc":{"start":{"line":59,"column":70},"end":{"line":61,"column":1}}},"8":{"name":"(anonymous_8)","decl":{"start":{"line":63,"column":23},"end":{"line":63,"column":32}},"loc":{"start":{"line":63,"column":34},"end":{"line":68,"column":1}}},"9":{"name":"(anonymous_9)","decl":{"start":{"line":64,"column":45},"end":{"line":64,"column":46}},"loc":{"start":{"line":64,"column":61},"end":{"line":67,"column":3}}},"10":{"name":"(anonymous_10)","decl":{"start":{"line":71,"column":51},"end":{"line":71,"column":52}},"loc":{"start":{"line":71,"column":63},"end":{"line":73,"column":1}}},"11":{"name":"(anonymous_11)","decl":{"start":{"line":74,"column":55},"end":{"line":74,"column":56}},"loc":{"start":{"line":74,"column":67},"end":{"line":76,"column":1}}},"12":{"name":"(anonymous_12)","decl":{"start":{"line":78,"column":23},"end":{"line":78,"column":32}},"loc":{"start":{"line":78,"column":34},"end":{"line":83,"column":1}}},"13":{"name":"(anonymous_13)","decl":{"start":{"line":79,"column":45},"end":{"line":79,"column":46}},"loc":{"start":{"line":79,"column":60},"end":{"line":82,"column":3}}},"14":{"name":"(anonymous_14)","decl":{"start":{"line":86,"column":53},"end":{"line":86,"column":54}},"loc":{"start":{"line":86,"column":65},"end":{"line":88,"column":1}}},"15":{"name":"(anonymous_15)","decl":{"start":{"line":89,"column":57},"end":{"line":89,"column":58}},"loc":{"start":{"line":89,"column":69},"end":{"line":91,"column":1}}},"16":{"name":"(anonymous_16)","decl":{"start":{"line":93,"column":25},"end":{"line":93,"column":34}},"loc":{"start":{"line":93,"column":36},"end":{"line":98,"column":1}}},"17":{"name":"(anonymous_17)","decl":{"start":{"line":94,"column":47},"end":{"line":94,"column":48}},"loc":{"start":{"line":94,"column":62},"end":{"line":97,"column":3}}}},"branchMap":{"0":{"loc":{"start":{"line":50,"column":4},"end":{"line":50,"column":44}},"type":"if","locations":[{"start":{"line":50,"column":4},"end":{"line":50,"column":44}},{"start":{"line":50,"column":4},"end":{"line":50,"column":44}}]},"1":{"loc":{"start":{"line":65,"column":4},"end":{"line":65,"column":62}},"type":"if","locations":[{"start":{"line":65,"column":4},"end":{"line":65,"column":62}},{"start":{"line":65,"column":4},"end":{"line":65,"column":62}}]},"2":{"loc":{"start":{"line":80,"column":4},"end":{"line":80,"column":51}},"type":"if","locations":[{"start":{"line":80,"column":4},"end":{"line":80,"column":51}},{"start":{"line":80,"column":4},"end":{"line":80,"column":51}}]},"3":{"loc":{"start":{"line":95,"column":4},"end":{"line":95,"column":53}},"type":"if","locations":[{"start":{"line":95,"column":4},"end":{"line":95,"column":53}},{"start":{"line":95,"column":4},"end":{"line":95,"column":53}}]}},"s":{"0":5,"1":5,"2":5,"3":5,"4":5,"5":5,"6":5,"7":15,"8":90,"9":15,"10":5,"11":5,"12":5,"13":5,"14":5,"15":3,"16":6,"17":3,"18":3,"19":5,"20":5,"21":5,"22":5,"23":5,"24":5,"25":1,"26":1,"27":1,"28":0,"29":5,"30":5,"31":5,"32":5,"33":5,"34":5,"35":2,"36":2,"37":0,"38":2,"39":5,"40":5,"41":5,"42":5,"43":5,"44":5,"45":1,"46":1,"47":0,"48":1,"49":5},"f":{"0":15,"1":90,"2":5,"3":5,"4":3,"5":6,"6":5,"7":5,"8":1,"9":1,"10":5,"11":5,"12":2,"13":2,"14":5,"15":5,"16":1,"17":1},"b":{"0":[3,3],"1":[1,0],"2":[0,2],"3":[0,1]}}
,"D:\\Code files\\JS\\Backend-Flutter\\src\\test\\repositories\\User\\helpers.user.ts": {"path":"D:\\Code files\\JS\\Backend-Flutter\\src\\test\\repositories\\User\\helpers.user.ts","statementMap":{"0":{"start":{"line":1,"column":0},"end":{"line":1,"column":51}},"1":{"start":{"line":4,"column":21},"end":{"line":11,"column":2}},"2":{"start":{"line":14,"column":31},"end":{"line":19,"column":2}},"3":{"start":{"line":50,"column":2},"end":{"line":50,"column":24}},"4":{"start":{"line":20,"column":33},"end":{"line":25,"column":2}},"5":{"start":{"line":51,"column":2},"end":{"line":51,"column":26}},"6":{"start":{"line":26,"column":17},"end":{"line":26,"column":27}},"7":{"start":{"line":49,"column":2},"end":{"line":49,"column":10}},"8":{"start":{"line":28,"column":0},"end":{"line":32,"column":3}},"9":{"start":{"line":29,"column":2},"end":{"line":31,"column":5}},"10":{"start":{"line":30,"column":4},"end":{"line":30,"column":30}},"11":{"start":{"line":34,"column":39},"end":{"line":36,"column":2}},"12":{"start":{"line":35,"column":2},"end":{"line":35,"column":27}},"13":{"start":{"line":37,"column":42},"end":{"line":39,"column":2}},"14":{"start":{"line":38,"column":2},"end":{"line":38,"column":23}},"15":{"start":{"line":41,"column":24},"end":{"line":46,"column":1}},"16":{"start":{"line":42,"column":2},"end":{"line":45,"column":5}},"17":{"start":{"line":43,"column":4},"end":{"line":43,"column":53}},"18":{"start":{"line":43,"column":30},"end":{"line":43,"column":53}},"19":{"start":{"line":44,"column":4},"end":{"line":44,"column":30}},"20":{"start":{"line":52,"column":2},"end":{"line":52,"column":17}}},"fnMap":{"0":{"name":"(anonymous_0)","decl":{"start":{"line":28,"column":21},"end":{"line":28,"column":22}},"loc":{"start":{"line":28,"column":30},"end":{"line":32,"column":1}}},"1":{"name":"(anonymous_1)","decl":{"start":{"line":29,"column":28},"end":{"line":29,"column":29}},"loc":{"start":{"line":29,"column":36},"end":{"line":31,"column":3}}},"2":{"name":"(anonymous_2)","decl":{"start":{"line":34,"column":51},"end":{"line":34,"column":52}},"loc":{"start":{"line":34,"column":63},"end":{"line":36,"column":1}}},"3":{"name":"(anonymous_3)","decl":{"start":{"line":37,"column":54},"end":{"line":37,"column":55}},"loc":{"start":{"line":37,"column":66},"end":{"line":39,"column":1}}},"4":{"name":"(anonymous_4)","decl":{"start":{"line":41,"column":24},"end":{"line":41,"column":33}},"loc":{"start":{"line":41,"column":35},"end":{"line":46,"column":1}}},"5":{"name":"(anonymous_5)","decl":{"start":{"line":42,"column":46},"end":{"line":42,"column":47}},"loc":{"start":{"line":42,"column":61},"end":{"line":45,"column":3}}}},"branchMap":{"0":{"loc":{"start":{"line":43,"column":4},"end":{"line":43,"column":53}},"type":"if","locations":[{"start":{"line":43,"column":4},"end":{"line":43,"column":53}},{"start":{"line":43,"column":4},"end":{"line":43,"column":53}}]}},"s":{"0":6,"1":6,"2":6,"3":6,"4":6,"5":6,"6":6,"7":6,"8":6,"9":6,"10":24,"11":6,"12":6,"13":6,"14":6,"15":6,"16":6,"17":20,"18":14,"19":6,"20":6},"f":{"0":6,"1":24,"2":6,"3":6,"4":6,"5":20},"b":{"0":[14,6]}}
}
