TN:
SF:src\test\repositories\Client\helpers.client.ts
FN:33,(anonymous_0)
FN:34,(anonymous_1)
FN:41,(anonymous_2)
FN:44,(anonymous_3)
FN:48,(anonymous_4)
FN:49,(anonymous_5)
FN:56,(anonymous_6)
FN:59,(anonymous_7)
FN:63,(anonymous_8)
FN:64,(anonymous_9)
FN:71,(anonymous_10)
FN:74,(anonymous_11)
FN:78,(anonymous_12)
FN:79,(anonymous_13)
FN:86,(anonymous_14)
FN:89,(anonymous_15)
FN:93,(anonymous_16)
FN:94,(anonymous_17)
FNF:18
FNH:18
FNDA:15,(anonymous_0)
FNDA:90,(anonymous_1)
FNDA:5,(anonymous_2)
FNDA:5,(anonymous_3)
FNDA:3,(anonymous_4)
FNDA:6,(anonymous_5)
FNDA:5,(anonymous_6)
FNDA:5,(anonymous_7)
FNDA:1,(anonymous_8)
FNDA:1,(anonymous_9)
FNDA:5,(anonymous_10)
FNDA:5,(anonymous_11)
FNDA:2,(anonymous_12)
FNDA:2,(anonymous_13)
FNDA:5,(anonymous_14)
FNDA:5,(anonymous_15)
FNDA:1,(anonymous_16)
FNDA:1,(anonymous_17)
DA:2,5
DA:4,5
DA:30,5
DA:31,5
DA:33,5
DA:34,15
DA:35,90
DA:37,15
DA:41,5
DA:42,5
DA:44,5
DA:45,5
DA:48,5
DA:49,3
DA:50,6
DA:51,3
DA:56,5
DA:57,5
DA:59,5
DA:60,5
DA:63,5
DA:64,1
DA:65,1
DA:66,0
DA:71,5
DA:72,5
DA:74,5
DA:75,5
DA:78,5
DA:79,2
DA:80,2
DA:81,2
DA:86,5
DA:87,5
DA:89,5
DA:90,5
DA:93,5
DA:94,1
DA:95,1
DA:96,1
DA:101,5
DA:102,5
DA:103,5
DA:104,5
DA:105,5
DA:106,5
LF:46
LH:45
BRDA:50,0,0,3
BRDA:50,0,1,3
BRDA:65,1,0,1
BRDA:65,1,1,0
BRDA:80,2,0,0
BRDA:80,2,1,2
BRDA:95,3,0,0
BRDA:95,3,1,1
BRF:8
BRH:5
end_of_record
TN:
SF:src\test\repositories\User\helpers.user.ts
FN:28,(anonymous_0)
FN:29,(anonymous_1)
FN:34,(anonymous_2)
FN:37,(anonymous_3)
FN:41,(anonymous_4)
FN:42,(anonymous_5)
FNF:6
FNH:6
FNDA:6,(anonymous_0)
FNDA:24,(anonymous_1)
FNDA:6,(anonymous_2)
FNDA:6,(anonymous_3)
FNDA:6,(anonymous_4)
FNDA:20,(anonymous_5)
DA:1,6
DA:4,6
DA:14,6
DA:20,6
DA:26,6
DA:28,6
DA:29,6
DA:30,24
DA:34,6
DA:35,6
DA:37,6
DA:38,6
DA:41,6
DA:42,6
DA:43,20
DA:44,6
DA:49,6
DA:50,6
DA:51,6
DA:52,6
LF:20
LH:20
BRDA:43,0,0,14
BRDA:43,0,1,6
BRF:2
BRH:2
end_of_record
